# JRE version: Java(TM) SE Runtime Environment (21.0.2+13) (build 21.0.2+13-LTS-58)
# Java VM: Java HotSpot(TM) 64-Bit Server VM (21.0.2+13-LTS-58, mixed mode, sharing, tiered, compressed oops, compressed class ptrs, g1 gc, windows-amd64)
GC Precious Log:
 CardTable entry size: 512
 Card Set container configuration: InlinePtr #cards 4 size 8 Array Of Cards #cards 16 size 48 Howl #buckets 8 coarsen threshold 3686 Howl Bitmap #cards 512 size 80 coarsen threshold 460 Card regions per heap region 1 cards per card region 4096
 CPUs: 16 total, 16 available
 Memory: 16088M
 Large Page Support: Disabled
 NUMA Support: Disabled
 Compressed Oops: Enabled (Zero based)
 Heap Region Size: 2M
 Heap Min Capacity: 8M
 Heap Initial Capacity: 252M
 Heap Max Capacity: 4024M
 Pre-touch: Disabled
 Parallel Workers: 13
 Concurrent Workers: 3
 Concurrent Refinement Workers: 13
 Periodic GC: Disabled
Heap:
 garbage-first heap   total 98304K, used 63143K [0x0000000704800000, 0x0000000800000000)
  region size 2048K, 10 young (20480K), 1 survivors (2048K)
 Metaspace       used 82771K, committed 83520K, reserved 1179648K
  class space    used 11076K, committed 11392K, reserved 1048576K
GC Heap History (20 events):
Event: 5.121 GC heap before
{Heap before GC invocations=5 (full 0):
 garbage-first heap   total 73728K, used 49250K [0x0000000704800000, 0x0000000800000000)
  region size 2048K, 21 young (43008K), 6 survivors (12288K)
 Metaspace       used 34946K, committed 35520K, reserved 1114112K
  class space    used 4484K, committed 4736K, reserved 1048576K
}
Event: 5.132 GC heap after
{Heap after GC invocations=6 (full 0):
 garbage-first heap   total 73728K, used 19272K [0x0000000704800000, 0x0000000800000000)
  region size 2048K, 1 young (2048K), 1 survivors (2048K)
 Metaspace       used 34946K, committed 35520K, reserved 1114112K
  class space    used 4484K, committed 4736K, reserved 1048576K
}
Event: 5.186 GC heap before
{Heap before GC invocations=6 (full 0):
 garbage-first heap   total 73728K, used 21320K [0x0000000704800000, 0x0000000800000000)
  region size 2048K, 3 young (6144K), 1 survivors (2048K)
 Metaspace       used 35465K, committed 35968K, reserved 1114112K
  class space    used 4560K, committed 4800K, reserved 1048576K
}
Event: 5.190 GC heap after
{Heap after GC invocations=7 (full 0):
 garbage-first heap   total 73728K, used 19272K [0x0000000704800000, 0x0000000800000000)
  region size 2048K, 1 young (2048K), 1 survivors (2048K)
 Metaspace       used 35465K, committed 35968K, reserved 1114112K
  class space    used 4560K, committed 4800K, reserved 1048576K
}
Event: 6.493 GC heap before
{Heap before GC invocations=8 (full 0):
 garbage-first heap   total 73728K, used 56136K [0x0000000704800000, 0x0000000800000000)
  region size 2048K, 20 young (40960K), 1 survivors (2048K)
 Metaspace       used 45383K, committed 45952K, reserved 1114112K
  class space    used 5949K, committed 6208K, reserved 1048576K
}
Event: 6.500 GC heap after
{Heap after GC invocations=9 (full 0):
 garbage-first heap   total 73728K, used 22240K [0x0000000704800000, 0x0000000800000000)
  region size 2048K, 3 young (6144K), 3 survivors (6144K)
 Metaspace       used 45383K, committed 45952K, reserved 1114112K
  class space    used 5949K, committed 6208K, reserved 1048576K
}
Event: 7.220 GC heap before
{Heap before GC invocations=9 (full 0):
 garbage-first heap   total 73728K, used 59104K [0x0000000704800000, 0x0000000800000000)
  region size 2048K, 21 young (43008K), 3 survivors (6144K)
 Metaspace       used 53697K, committed 54336K, reserved 1114112K
  class space    used 7203K, committed 7488K, reserved 1048576K
}
Event: 7.229 GC heap after
{Heap after GC invocations=10 (full 0):
 garbage-first heap   total 73728K, used 23499K [0x0000000704800000, 0x0000000800000000)
  region size 2048K, 3 young (6144K), 3 survivors (6144K)
 Metaspace       used 53697K, committed 54336K, reserved 1114112K
  class space    used 7203K, committed 7488K, reserved 1048576K
}
Event: 8.269 GC heap before
{Heap before GC invocations=10 (full 0):
 garbage-first heap   total 73728K, used 58315K [0x0000000704800000, 0x0000000800000000)
  region size 2048K, 20 young (40960K), 3 survivors (6144K)
 Metaspace       used 58748K, committed 59392K, reserved 1114112K
  class space    used 7870K, committed 8192K, reserved 1048576K
}
Event: 8.285 GC heap after
{Heap after GC invocations=11 (full 0):
 garbage-first heap   total 98304K, used 31279K [0x0000000704800000, 0x0000000800000000)
  region size 2048K, 3 young (6144K), 3 survivors (6144K)
 Metaspace       used 58748K, committed 59392K, reserved 1114112K
  class space    used 7870K, committed 8192K, reserved 1048576K
}
Event: 8.405 GC heap before
{Heap before GC invocations=11 (full 0):
 garbage-first heap   total 98304K, used 33327K [0x0000000704800000, 0x0000000800000000)
  region size 2048K, 5 young (10240K), 3 survivors (6144K)
 Metaspace       used 59814K, committed 60416K, reserved 1114112K
  class space    used 7968K, committed 8256K, reserved 1048576K
}
Event: 8.415 GC heap after
{Heap after GC invocations=12 (full 0):
 garbage-first heap   total 98304K, used 33182K [0x0000000704800000, 0x0000000800000000)
  region size 2048K, 1 young (2048K), 1 survivors (2048K)
 Metaspace       used 59814K, committed 60416K, reserved 1114112K
  class space    used 7968K, committed 8256K, reserved 1048576K
}
Event: 9.755 GC heap before
{Heap before GC invocations=13 (full 0):
 garbage-first heap   total 98304K, used 78238K [0x0000000704800000, 0x0000000800000000)
  region size 2048K, 24 young (49152K), 1 survivors (2048K)
 Metaspace       used 67334K, committed 68032K, reserved 1114112K
  class space    used 9160K, committed 9472K, reserved 1048576K
}
Event: 9.759 GC heap after
{Heap after GC invocations=14 (full 0):
 garbage-first heap   total 98304K, used 36869K [0x0000000704800000, 0x0000000800000000)
  region size 2048K, 3 young (6144K), 3 survivors (6144K)
 Metaspace       used 67334K, committed 68032K, reserved 1114112K
  class space    used 9160K, committed 9472K, reserved 1048576K
}
Event: 11.151 GC heap before
{Heap before GC invocations=14 (full 0):
 garbage-first heap   total 98304K, used 79877K [0x0000000704800000, 0x0000000800000000)
  region size 2048K, 25 young (51200K), 3 survivors (6144K)
 Metaspace       used 73220K, committed 73984K, reserved 1114112K
  class space    used 10082K, committed 10432K, reserved 1048576K
}
Event: 11.159 GC heap after
{Heap after GC invocations=15 (full 0):
 garbage-first heap   total 98304K, used 40706K [0x0000000704800000, 0x0000000800000000)
  region size 2048K, 3 young (6144K), 3 survivors (6144K)
 Metaspace       used 73220K, committed 73984K, reserved 1114112K
  class space    used 10082K, committed 10432K, reserved 1048576K
}
Event: 31.240 GC heap before
{Heap before GC invocations=15 (full 0):
 garbage-first heap   total 98304K, used 81666K [0x0000000704800000, 0x0000000800000000)
  region size 2048K, 23 young (47104K), 3 survivors (6144K)
 Metaspace       used 81128K, committed 81856K, reserved 1179648K
  class space    used 11054K, committed 11392K, reserved 1048576K
}
Event: 31.246 GC heap after
{Heap after GC invocations=16 (full 0):
 garbage-first heap   total 98304K, used 45753K [0x0000000704800000, 0x0000000800000000)
  region size 2048K, 3 young (6144K), 3 survivors (6144K)
 Metaspace       used 81128K, committed 81856K, reserved 1179648K
  class space    used 11054K, committed 11392K, reserved 1048576K
}
Event: 229.754 GC heap before
{Heap before GC invocations=16 (full 0):
 garbage-first heap   total 98304K, used 82617K [0x0000000704800000, 0x0000000800000000)
  region size 2048K, 21 young (43008K), 3 survivors (6144K)
 Metaspace       used 82486K, committed 83200K, reserved 1179648K
  class space    used 11076K, committed 11392K, reserved 1048576K
}
Event: 229.761 GC heap after
{Heap after GC invocations=17 (full 0):
 garbage-first heap   total 98304K, used 46759K [0x0000000704800000, 0x0000000800000000)
  region size 2048K, 1 young (2048K), 1 survivors (2048K)
 Metaspace       used 82486K, committed 83200K, reserved 1179648K
  class space    used 11076K, committed 11392K, reserved 1048576K
}

