# JRE version: Java(TM) SE Runtime Environment (21.0.2+13) (build 21.0.2+13-LTS-58)
# Java VM: Java HotSpot(TM) 64-Bit Server VM (21.0.2+13-LTS-58, mixed mode, sharing, tiered, compressed oops, compressed class ptrs, g1 gc, windows-amd64)
GC Precious Log:
 CardTable entry size: 512
 Card Set container configuration: InlinePtr #cards 4 size 8 Array Of Cards #cards 16 size 48 Howl #buckets 8 coarsen threshold 3686 Howl Bitmap #cards 512 size 80 coarsen threshold 460 Card regions per heap region 1 cards per card region 4096
 CPUs: 16 total, 16 available
 Memory: 16088M
 Large Page Support: Disabled
 NUMA Support: Disabled
 Compressed Oops: Enabled (Zero based)
 Heap Region Size: 2M
 Heap Min Capacity: 8M
 Heap Initial Capacity: 252M
 Heap Max Capacity: 4024M
 Pre-touch: Disabled
 Parallel Workers: 13
 Concurrent Workers: 3
 Concurrent Refinement Workers: 13
 Periodic GC: Disabled
Heap:
 garbage-first heap   total 92160K, used 60090K [0x0000000704800000, 0x0000000800000000)
  region size 2048K, 9 young (18432K), 2 survivors (4096K)
 Metaspace       used 82899K, committed 83648K, reserved 1179648K
  class space    used 11146K, committed 11456K, reserved 1048576K
GC Heap History (20 events):
Event: 5.278 GC heap before
{Heap before GC invocations=4 (full 0):
 garbage-first heap   total 61440K, used 59902K [0x0000000704800000, 0x0000000800000000)
  region size 2048K, 26 young (53248K), 4 survivors (8192K)
 Metaspace       used 29237K, committed 29760K, reserved 1114112K
  class space    used 3711K, committed 3968K, reserved 1048576K
}
Event: 5.296 GC heap after
{Heap after GC invocations=5 (full 0):
 garbage-first heap   total 73728K, used 19562K [0x0000000704800000, 0x0000000800000000)
  region size 2048K, 6 young (12288K), 6 survivors (12288K)
 Metaspace       used 29237K, committed 29760K, reserved 1114112K
  class space    used 3711K, committed 3968K, reserved 1048576K
}
Event: 6.493 GC heap before
{Heap before GC invocations=5 (full 0):
 garbage-first heap   total 73728K, used 50282K [0x0000000704800000, 0x0000000800000000)
  region size 2048K, 21 young (43008K), 6 survivors (12288K)
 Metaspace       used 35327K, committed 35904K, reserved 1114112K
  class space    used 4543K, committed 4800K, reserved 1048576K
}
Event: 6.505 GC heap after
{Heap after GC invocations=6 (full 0):
 garbage-first heap   total 73728K, used 20374K [0x0000000704800000, 0x0000000800000000)
  region size 2048K, 1 young (2048K), 1 survivors (2048K)
 Metaspace       used 35327K, committed 35904K, reserved 1114112K
  class space    used 4543K, committed 4800K, reserved 1048576K
}
Event: 6.517 GC heap before
{Heap before GC invocations=6 (full 0):
 garbage-first heap   total 73728K, used 20374K [0x0000000704800000, 0x0000000800000000)
  region size 2048K, 2 young (4096K), 1 survivors (2048K)
 Metaspace       used 35458K, committed 35968K, reserved 1114112K
  class space    used 4553K, committed 4800K, reserved 1048576K
}
Event: 6.522 GC heap after
{Heap after GC invocations=7 (full 0):
 garbage-first heap   total 73728K, used 20374K [0x0000000704800000, 0x0000000800000000)
  region size 2048K, 1 young (2048K), 1 survivors (2048K)
 Metaspace       used 35458K, committed 35968K, reserved 1114112K
  class space    used 4553K, committed 4800K, reserved 1048576K
}
Event: 7.815 GC heap before
{Heap before GC invocations=8 (full 0):
 garbage-first heap   total 73728K, used 57238K [0x0000000704800000, 0x0000000800000000)
  region size 2048K, 20 young (40960K), 1 survivors (2048K)
 Metaspace       used 45247K, committed 45824K, reserved 1114112K
  class space    used 5939K, committed 6208K, reserved 1048576K
}
Event: 7.823 GC heap after
{Heap after GC invocations=9 (full 0):
 garbage-first heap   total 92160K, used 23312K [0x0000000704800000, 0x0000000800000000)
  region size 2048K, 3 young (6144K), 3 survivors (6144K)
 Metaspace       used 45247K, committed 45824K, reserved 1114112K
  class space    used 5939K, committed 6208K, reserved 1048576K
}
Event: 9.101 GC heap before
{Heap before GC invocations=9 (full 0):
 garbage-first heap   total 92160K, used 70416K [0x0000000704800000, 0x0000000800000000)
  region size 2048K, 27 young (55296K), 3 survivors (6144K)
 Metaspace       used 56215K, committed 56896K, reserved 1114112K
  class space    used 7587K, committed 7872K, reserved 1048576K
}
Event: 9.115 GC heap after
{Heap after GC invocations=10 (full 0):
 garbage-first heap   total 92160K, used 24817K [0x0000000704800000, 0x0000000800000000)
  region size 2048K, 3 young (6144K), 3 survivors (6144K)
 Metaspace       used 56215K, committed 56896K, reserved 1114112K
  class space    used 7587K, committed 7872K, reserved 1048576K
}
Event: 10.024 GC heap before
{Heap before GC invocations=10 (full 0):
 garbage-first heap   total 92160K, used 49393K [0x0000000704800000, 0x0000000800000000)
  region size 2048K, 16 young (32768K), 3 survivors (6144K)
 Metaspace       used 59519K, committed 60160K, reserved 1114112K
  class space    used 7954K, committed 8256K, reserved 1048576K
}
Event: 10.040 GC heap after
{Heap after GC invocations=11 (full 0):
 garbage-first heap   total 92160K, used 32037K [0x0000000704800000, 0x0000000800000000)
  region size 2048K, 4 young (8192K), 4 survivors (8192K)
 Metaspace       used 59519K, committed 60160K, reserved 1114112K
  class space    used 7954K, committed 8256K, reserved 1048576K
}
Event: 11.249 GC heap before
{Heap before GC invocations=12 (full 0):
 garbage-first heap   total 92160K, used 70949K [0x0000000704800000, 0x0000000800000000)
  region size 2048K, 24 young (49152K), 4 survivors (8192K)
 Metaspace       used 66184K, committed 66816K, reserved 1114112K
  class space    used 8935K, committed 9216K, reserved 1048576K
}
Event: 11.255 GC heap after
{Heap after GC invocations=13 (full 0):
 garbage-first heap   total 92160K, used 36935K [0x0000000704800000, 0x0000000800000000)
  region size 2048K, 3 young (6144K), 3 survivors (6144K)
 Metaspace       used 66184K, committed 66816K, reserved 1114112K
  class space    used 8935K, committed 9216K, reserved 1048576K
}
Event: 12.215 GC heap before
{Heap before GC invocations=13 (full 0):
 garbage-first heap   total 92160K, used 73799K [0x0000000704800000, 0x0000000800000000)
  region size 2048K, 22 young (45056K), 3 survivors (6144K)
 Metaspace       used 71651K, committed 72384K, reserved 1114112K
  class space    used 9835K, committed 10176K, reserved 1048576K
}
Event: 12.221 GC heap after
{Heap after GC invocations=14 (full 0):
 garbage-first heap   total 92160K, used 40044K [0x0000000704800000, 0x0000000800000000)
  region size 2048K, 2 young (4096K), 2 survivors (4096K)
 Metaspace       used 71651K, committed 72384K, reserved 1114112K
  class space    used 9835K, committed 10176K, reserved 1048576K
}
Event: 37.524 GC heap before
{Heap before GC invocations=14 (full 0):
 garbage-first heap   total 92160K, used 74860K [0x0000000704800000, 0x0000000800000000)
  region size 2048K, 20 young (40960K), 2 survivors (4096K)
 Metaspace       used 78191K, committed 78848K, reserved 1179648K
  class space    used 10727K, committed 11008K, reserved 1048576K
}
Event: 37.529 GC heap after
{Heap after GC invocations=15 (full 0):
 garbage-first heap   total 92160K, used 43607K [0x0000000704800000, 0x0000000800000000)
  region size 2048K, 2 young (4096K), 2 survivors (4096K)
 Metaspace       used 78191K, committed 78848K, reserved 1179648K
  class space    used 10727K, committed 11008K, reserved 1048576K
}
Event: 68.272 GC heap before
{Heap before GC invocations=15 (full 0):
 garbage-first heap   total 92160K, used 76375K [0x0000000704800000, 0x0000000800000000)
  region size 2048K, 19 young (38912K), 2 survivors (4096K)
 Metaspace       used 82398K, committed 83136K, reserved 1179648K
  class space    used 11121K, committed 11456K, reserved 1048576K
}
Event: 68.279 GC heap after
{Heap after GC invocations=16 (full 0):
 garbage-first heap   total 92160K, used 47802K [0x0000000704800000, 0x0000000800000000)
  region size 2048K, 2 young (4096K), 2 survivors (4096K)
 Metaspace       used 82398K, committed 83136K, reserved 1179648K
  class space    used 11121K, committed 11456K, reserved 1048576K
}

